[debug] [2022-12-07T17:13:07.173Z] ----------------------------------------------------------------------
[debug] [2022-12-07T17:13:07.175Z] Command:       /usr/local/bin/node /usr/local/bin/firebase init
[debug] [2022-12-07T17:13:07.175Z] CLI Version:   11.17.0
[debug] [2022-12-07T17:13:07.175Z] Platform:      darwin
[debug] [2022-12-07T17:13:07.175Z] Node Version:  v17.1.0
[debug] [2022-12-07T17:13:07.176Z] Time:          Thu Dec 08 2022 00:13:07 GMT+0700 (Indochina Time)
[debug] [2022-12-07T17:13:07.176Z] ----------------------------------------------------------------------
[debug] 
[debug] [2022-12-07T17:13:07.230Z] > command requires scopes: ["email","openid","https://www.googleapis.com/auth/cloudplatformprojects.readonly","https://www.googleapis.com/auth/firebase","https://www.googleapis.com/auth/cloud-platform"]
[debug] [2022-12-07T17:13:07.231Z] > authorizing via signed-in user (vn.chelsea.96@gmail.com)
[info] 
     ######## #### ########  ######## ########     ###     ######  ########
     ##        ##  ##     ## ##       ##     ##  ##   ##  ##       ##
     ######    ##  ########  ######   ########  #########  ######  ######
     ##        ##  ##    ##  ##       ##     ## ##     ##       ## ##
     ##       #### ##     ## ######## ########  ##     ##  ######  ########

You're about to initialize a Firebase project in this directory:

  /Users/mac/Documents

Before we get started, keep in mind:

  * You are initializing within an existing Firebase project directory

[info] 
=== Project Setup
[info] 
[info] First, let's associate this project directory with a Firebase project.
[info] You can create multiple project aliases by running firebase use --add, 
[info] but for now we'll just set up a default project.
[info] 
[debug] [2022-12-07T17:13:11.787Z] Using project from CLI flag: vpl-poker
[debug] [2022-12-07T17:13:11.789Z] >>> [apiv2][query] GET https://firebase.googleapis.com/v1beta1/projects/vpl-poker [none]
[debug] [2022-12-07T17:13:12.577Z] <<< [apiv2][status] GET https://firebase.googleapis.com/v1beta1/projects/vpl-poker 200
[debug] [2022-12-07T17:13:12.577Z] <<< [apiv2][body] GET https://firebase.googleapis.com/v1beta1/projects/vpl-poker {"projectId":"vpl-poker","projectNumber":"623529116150","displayName":"VPL Poker","name":"projects/vpl-poker","resources":{"hostingSite":"vpl-poker"},"state":"ACTIVE","etag":"1_8a6fbea9-6b64-4c36-b4a0-cbf58c95506f"}
[info] i  Using project vpl-poker (VPL Poker) 
[info] 
=== Hosting Setup
[info] 
[info] Your public directory is the folder (relative to your project directory) that
[info] will contain Hosting assets to be uploaded with firebase deploy. If you
[info] have a build process for your assets, use your build's output directory.
[info] 
[debug] [2022-12-07T17:13:50.251Z] >>> [apiv2][query] GET https://www.gstatic.com/firebasejs/releases.json [none]
[debug] [2022-12-07T17:13:50.453Z] <<< [apiv2][status] GET https://www.gstatic.com/firebasejs/releases.json 200
[debug] [2022-12-07T17:13:50.453Z] <<< [apiv2][body] GET https://www.gstatic.com/firebasejs/releases.json {"current":{"version":"9.14.0","browserURL":"https://www.gstatic.com/firebasejs/9.14.0/firebase.js","packageURL":"https://www.gstatic.com/firebasejs/9.14.0/firebase.tgz"},"live":{"version":"9.14","browserURL":"https://www.gstatic.com/firebasejs/live/9.14/firebase.js","packageURL":"https://www.gstatic.com/firebasejs/live/9.14/firebase.tgz"},"components":{"analytics":"https://www.gstatic.com/firebasejs/9.14.0/firebase-analytics.js","app":"https://www.gstatic.com/firebasejs/9.14.0/firebase-app.js","app-check":"https://www.gstatic.com/firebasejs/9.14.0/firebase-app-check.js","auth":"https://www.gstatic.com/firebasejs/9.14.0/firebase-auth.js","auth/cordova":"https://www.gstatic.com/firebasejs/9.14.0/firebase-auth/cordova.js","auth/react-native":"https://www.gstatic.com/firebasejs/9.14.0/firebase-auth/react-native.js","functions":"https://www.gstatic.com/firebasejs/9.14.0/firebase-functions.js","firestore":"https://www.gstatic.com/firebasejs/9.14.0/firebase-firestore.js","firestore/lite":"https://www.gstatic.com/firebasejs/9.14.0/firebase-firestore/lite.js","installations":"https://www.gstatic.com/firebasejs/9.14.0/firebase-installations.js","storage":"https://www.gstatic.com/firebasejs/9.14.0/firebase-storage.js","performance":"https://www.gstatic.com/firebasejs/9.14.0/firebase-performance.js","remote-config":"https://www.gstatic.com/firebasejs/9.14.0/firebase-remote-config.js","messaging":"https://www.gstatic.com/firebasejs/9.14.0/firebase-messaging.js","messaging/sw":"https://www.gstatic.com/firebasejs/9.14.0/firebase-messaging/sw.js","database":"https://www.gstatic.com/firebasejs/9.14.0/firebase-database.js","firestore.memory":"https://www.gstatic.com/firebasejs/9.14.0/firebase-firestore.memory.js"}}
[info] ✔  Wrote public/index.html 
[info] 
[info] i  Didn't detect a .git folder. Assuming /Users/mac/Documents/beetechcasual is the project root. 
[info] i  Authorizing with GitHub to upload your service account to a GitHub repository's secrets store. 
[info] 
[info] Visit this URL on this device to log in:
[info] https://github.com/login/oauth/authorize?client_id=89cf50f02ac6aaed3484&state=47093416&redirect_uri=http%3A%2F%2Flocalhost%3A9005&scope=read%3Auser%20repo%20public_repo
[info] 
[info] Waiting for authentication...
[debug] [2022-12-07T17:13:58.654Z] >>> [apiv2][query] POST https://github.com/login/oauth/access_token [none]
[debug] [2022-12-07T17:13:58.654Z] >>> [apiv2][body] POST https://github.com/login/oauth/access_token [stream]
[debug] [2022-12-07T17:13:59.365Z] <<< [apiv2][status] POST https://github.com/login/oauth/access_token 200
[debug] [2022-12-07T17:13:59.365Z] <<< [apiv2][body] POST https://github.com/login/oauth/access_token {"access_token":"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","token_type":"bearer","scope":"read:user,repo"}
[debug] [2022-12-07T17:13:59.371Z] >>> [apiv2][query] GET https://api.github.com/user [none]
[debug] [2022-12-07T17:13:59.906Z] <<< [apiv2][status] GET https://api.github.com/user 200
[debug] [2022-12-07T17:13:59.906Z] <<< [apiv2][body] GET https://api.github.com/user {"login":"hihiheheaz24","id":47998585,"node_id":"MDQ6VXNlcjQ3OTk4NTg1","avatar_url":"https://avatars.githubusercontent.com/u/47998585?v=4","gravatar_id":"","url":"https://api.github.com/users/hihiheheaz24","html_url":"https://github.com/hihiheheaz24","followers_url":"https://api.github.com/users/hihiheheaz24/followers","following_url":"https://api.github.com/users/hihiheheaz24/following{/other_user}","gists_url":"https://api.github.com/users/hihiheheaz24/gists{/gist_id}","starred_url":"https://api.github.com/users/hihiheheaz24/starred{/owner}{/repo}","subscriptions_url":"https://api.github.com/users/hihiheheaz24/subscriptions","organizations_url":"https://api.github.com/users/hihiheheaz24/orgs","repos_url":"https://api.github.com/users/hihiheheaz24/repos","events_url":"https://api.github.com/users/hihiheheaz24/events{/privacy}","received_events_url":"https://api.github.com/users/hihiheheaz24/received_events","type":"User","site_admin":false,"name":"tranvantuyen96","company":"CiaoLink","blog":"","location":"hanoi, vietnam","email":null,"hireable":null,"bio":null,"twitter_username":null,"public_repos":5,"public_gists":0,"followers":0,"following":0,"created_at":"2019-02-26T01:47:10Z","updated_at":"2022-09-24T07:07:14Z","private_gists":0,"total_private_repos":7,"owned_private_repos":7,"disk_usage":458057,"collaborators":5,"two_factor_authentication":false,"plan":{"name":"free","space":976562499,"collaborators":0,"private_repos":10000}}
[info] 
[info] ✔  Success! Logged into GitHub as hihiheheaz24 
[info] 
